[debug] [2026-02-11T20:50:39.797Z] ----------------------------------------------------------------------
[debug] [2026-02-11T20:50:39.804Z] Command:       C:\Program Files\nodejs\node.exe C:\Users\bartm\AppData\Roaming\npm\node_modules\firebase-tools\lib\bin\firebase.js login:ci --no-localhost
[debug] [2026-02-11T20:50:39.804Z] CLI Version:   14.22.0
[debug] [2026-02-11T20:50:39.804Z] Platform:      win32
[debug] [2026-02-11T20:50:39.805Z] Node Version:  v24.10.0
[debug] [2026-02-11T20:50:39.805Z] Time:          Wed Feb 11 2026 21:50:39 GMT+0100 (Midden-Europese standaardtijd)
[debug] [2026-02-11T20:50:39.805Z] ----------------------------------------------------------------------
[debug] 
[debug] [2026-02-11T20:50:39.813Z] >>> [apiv2][query] GET https://firebase-public.firebaseio.com/cli.json [none]
[warn] !  Authenticating with a `login:ci` token is deprecated and will be removed in a future major version of `firebase-tools`. Instead, use a service account key with `GOOGLE_APPLICATION_CREDENTIALS`: https://cloud.google.com/docs/authentication/getting-started 
[debug] [2026-02-11T20:50:39.859Z] >>> [apiv2][query] POST https://auth.firebase.tools/attest [none]
[debug] [2026-02-11T20:50:39.859Z] >>> [apiv2][body] POST https://auth.firebase.tools/attest {"session_id":"e375616c-5521-4d2b-9f04-15b0629dcc9c"}
[debug] [2026-02-11T20:50:40.225Z] <<< [apiv2][status] GET https://firebase-public.firebaseio.com/cli.json 200
[debug] [2026-02-11T20:50:40.226Z] <<< [apiv2][body] GET https://firebase-public.firebaseio.com/cli.json {"cloudBuildErrorAfter":1594252800000,"cloudBuildWarnAfter":1590019200000,"defaultNode10After":1594252800000,"minVersion":"3.0.5","node8DeploysDisabledAfter":1613390400000,"node8RuntimeDisabledAfter":1615809600000,"node8WarnAfter":1600128000000}
[debug] [2026-02-11T20:50:40.247Z] <<< [apiv2][status] POST https://auth.firebase.tools/attest 200
[debug] [2026-02-11T20:50:40.248Z] <<< [apiv2][body] POST https://auth.firebase.tools/attest {"token":"cPUuLL7g2JgQCcVQlzhL-iqJFtRe8k_x2_BKDAl_br0"}
[info] 
[info] To sign in to the Firebase CLI:
[info] 
[info] 1. Take note of your session ID:
[info] 
[info]    E3756
[info] 
[info] 2. Visit the URL below on any device and follow the instructions to get your code:
[info] 
[info]    https://auth.firebase.tools/login?code_challenge=ZhHrxnNUia61BkFGScgUSFZh6Dd95Foh6k7ulO-VgJE&session=e375616c-5521-4d2b-9f04-15b0629dcc9c&attest=cPUuLL7g2JgQCcVQlzhL-iqJFtRe8k_x2_BKDAl_br0
[info] 
[info] 3. Paste or enter the authorization code below once you have it:
[info] 
[debug] [2026-02-11T20:51:35.153Z] ExitPromptError: User force closed the prompt with SIGINT
    at Interface.sigint (C:\Users\bartm\AppData\Roaming\npm\node_modules\firebase-tools\node_modules\@inquirer\core\dist\commonjs\lib\create-prompt.js:101:37)
    at Interface.emit (node:events:508:28)
    at Interface.emit (node:domain:489:12)
    at [_ttyWrite] [as _ttyWrite] (node:internal/readline/interface:1317:18)
    at ReadStream.onkeypress (node:internal/readline/interface:284:20)
    at ReadStream.emit (node:events:520:35)
    at ReadStream.emit (node:domain:489:12)
    at emitKeys (node:internal/readline/utils:371:14)
    at emitKeys.next (<anonymous>)
    at ReadStream.onData (node:internal/readline/emitKeypressEvents:64:36)
[error] 
[error] Error: An unexpected error has occurred.
